Autotest: Begin at Sun Mar 15 23:26:04 CST 2020
[32m[ readelf.c found ][0m
rm -rf *.o
rm readelf
rm: cannot remove 'readelf': No such file or directory
make: *** [clean] Error 1
Makefile:15: recipe for target 'clean' failed
gcc -I./ -c main.c
gcc -I./ -c readelf.c
gcc main.o readelf.o -o readelf
[32m[ Compile success! readelf found. ][0m
[35m[ PASSED:9 ][0m
[35m[ TOTAL:9 ][0m
[32m[ You have passed readelf LSB testcase 1/6 ][0m
[35m[ PASSED:9 ][0m
[35m[ TOTAL:9 ][0m
[32m[ You have passed readelf LSB testcase 2/6 ][0m
[35m[ PASSED:7 ][0m
[35m[ TOTAL:7 ][0m
[32m[ You have passed readelf LSB testcase 3/6 ][0m
[35m[ PASSED:2 ][0m
[35m[ TOTAL:2 ][0m
[32m[ You have passed readelf MSB testcase 4/6 ][0m
[35m[ PASSED:2 ][0m
[35m[ TOTAL:2 ][0m
[32m[ You have passed readelf MSB testcase 5/6 ][0m
[35m[ PASSED:3 ][0m
[35m[ TOTAL:3 ][0m
[32m[ You have passed readelf MSB testcase 6/6 ][0m
[33m[01m[ You got 100 (of 100) this time. Sun Mar 15 23:26:10 CST 2020 ][0m
