Autotest: Begin at Wed Apr 15 15:26:51 CST 2020
[33m[01m[ Underclass strong test begin. ][0m
Begin build at Wed Apr 15 15:26:51 CST 2020
Cleanning the project.................

for d in boot drivers init lib mm;	\
		do					\
			make --directory=$d clean; \
		done; \
	rm -rf *.o *~ gxemul/vmlinux
make[1]: Entering directory `/usr/src/workdir/boot'
rm -rf *~ *.o
make[1]: Leaving directory `/usr/src/workdir/boot'
make[1]: Entering directory `/usr/src/workdir/drivers'
for d in gxconsole; \
		do				\
			make --directory=$d clean; \
		done
make[2]: Entering directory `/usr/src/workdir/drivers/gxconsole'
rm -rf *.o *~
make[2]: Leaving directory `/usr/src/workdir/drivers/gxconsole'
make[1]: Leaving directory `/usr/src/workdir/drivers'
make[1]: Entering directory `/usr/src/workdir/init'
rm -rf *~ *.o
make[1]: Leaving directory `/usr/src/workdir/init'
make[1]: Entering directory `/usr/src/workdir/lib'
rm -rf *~ *.o
make[1]: Leaving directory `/usr/src/workdir/lib'
make[1]: Entering directory `/usr/src/workdir/mm'
rm -rf *~ *.o
make[1]: Leaving directory `/usr/src/workdir/mm'

Building the project..................

make --directory=boot
make[1]: Entering directory `/usr/src/workdir/boot'
/OSLAB/compiler/usr/bin/mips_4KC-gcc -O -G 0 -mno-abicalls -fno-builtin -Wa,-xgot -Wall -fPIC -march=r3000 -I../include/ -c start.S 
make[1]: Leaving directory `/usr/src/workdir/boot'
make --directory=drivers
make[1]: Entering directory `/usr/src/workdir/drivers'
make --directory=gxconsole
make[2]: Entering directory `/usr/src/workdir/drivers/gxconsole'
/OSLAB/compiler/usr/bin/mips_4KC-gcc -O -G 0 -mno-abicalls -fno-builtin -Wa,-xgot -Wall -fPIC -march=r3000   -c -o console.o console.c
make[2]: Leaving directory `/usr/src/workdir/drivers/gxconsole'
make[1]: Leaving directory `/usr/src/workdir/drivers'
make --directory=init
make[1]: Entering directory `/usr/src/workdir/init'
/OSLAB/compiler/usr/bin/mips_4KC-gcc -O -G 0 -mno-abicalls -fno-builtin -Wa,-xgot -Wall -fPIC -march=r3000 -I../include -c init.c
init.c: In function 'mips_init':
init.c:18: warning: implicit declaration of function 'env_check'
init.c:76:2: warning: no newline at end of file
/OSLAB/compiler/usr/bin/mips_4KC-gcc -O -G 0 -mno-abicalls -fno-builtin -Wa,-xgot -Wall -fPIC -march=r3000 -I../include -c main.c
/OSLAB/compiler/usr/bin/mips_4KC-gcc -O -G 0 -mno-abicalls -fno-builtin -Wa,-xgot -Wall -fPIC -march=r3000 -I../include -c code_a.c
/OSLAB/compiler/usr/bin/mips_4KC-gcc -O -G 0 -mno-abicalls -fno-builtin -Wa,-xgot -Wall -fPIC -march=r3000 -I../include -c code_b.c
make[1]: Leaving directory `/usr/src/workdir/init'
make --directory=lib
make[1]: Entering directory `/usr/src/workdir/lib'
/OSLAB/compiler/usr/bin/mips_4KC-gcc -O -G 0 -mno-abicalls -fno-builtin -Wa,-xgot -Wall -fPIC -march=r3000 -I./ -I../ -I../include/ -c kernel_elfloader.c
/OSLAB/compiler/usr/bin/mips_4KC-gcc -O -G 0 -mno-abicalls -fno-builtin -Wa,-xgot -Wall -fPIC -march=r3000 -I./ -I../ -I../include/ -c env.c
env.c: In function 'env_setup_vm':
env.c:302: warning: unused variable 'i'
env.c: In function 'env_alloc':
env.c:363: warning: unused variable 'r'
env.c: In function 'load_icode_mapper':
env.c:432: warning: passing argument 2 of 'bcopy' makes pointer from integer without a cast
env.c:446: warning: passing argument 2 of 'bcopy' makes pointer from integer without a cast
env.c:460: warning: passing argument 1 of 'bzero' makes pointer from integer without a cast
env.c: In function 'load_icode':
env.c:490: warning: unused variable 'perm'
/OSLAB/compiler/usr/bin/mips_4KC-gcc -O -G 0 -mno-abicalls -fno-builtin -Wa,-xgot -Wall -fPIC -march=r3000 -I./ -I../ -I../include/ -c print.c
/OSLAB/compiler/usr/bin/mips_4KC-gcc -O -G 0 -mno-abicalls -fno-builtin -Wa,-xgot -Wall -fPIC -march=r3000 -I./ -I../ -I../include/ -c printf.c
/OSLAB/compiler/usr/bin/mips_4KC-gcc -O -G 0 -mno-abicalls -fno-builtin -Wa,-xgot -Wall -fPIC -march=r3000 -I./ -I../ -I../include/ -c sched.c
/OSLAB/compiler/usr/bin/mips_4KC-gcc -O -G 0 -mno-abicalls -fno-builtin -Wa,-xgot -Wall -fPIC -march=r3000 -I./ -I../ -I../include/ -c env_asm.S
env_asm.S: Assembler messages:
env_asm.S:62: Warning: Used $at without ".set noat"
/OSLAB/compiler/usr/bin/mips_4KC-gcc -O -G 0 -mno-abicalls -fno-builtin -Wa,-xgot -Wall -fPIC -march=r3000 -I./ -I../ -I../include/ -c kclock.c
/OSLAB/compiler/usr/bin/mips_4KC-gcc -O -G 0 -mno-abicalls -fno-builtin -Wa,-xgot -Wall -fPIC -march=r3000 -I./ -I../ -I../include/ -c traps.c
traps.c: In function 'page_fault_handler':
traps.c:58: warning: passing argument 2 of 'bcopy' makes pointer from integer without a cast
traps.c:66: warning: passing argument 2 of 'bcopy' makes pointer from integer without a cast
traps.c:47: warning: unused variable 'd'
traps.c:47: warning: unused variable 'tos'
traps.c:46: warning: unused variable 'va'
/OSLAB/compiler/usr/bin/mips_4KC-gcc -O -G 0 -mno-abicalls -fno-builtin -Wa,-xgot -Wall -fPIC -march=r3000 -I./ -I../ -I../include/ -c genex.S
/OSLAB/compiler/usr/bin/mips_4KC-gcc -O -G 0 -mno-abicalls -fno-builtin -Wa,-xgot -Wall -fPIC -march=r3000 -I./ -I../ -I../include/ -c kclock_asm.S
/OSLAB/compiler/usr/bin/mips_4KC-gcc -O -G 0 -mno-abicalls -fno-builtin -Wa,-xgot -Wall -fPIC -march=r3000 -I./ -I../ -I../include/ -c syscall.S
syscall.S: Assembler messages:
syscall.S:10: Warning: Used $at without ".set noat"
/OSLAB/compiler/usr/bin/mips_4KC-gcc -O -G 0 -mno-abicalls -fno-builtin -Wa,-xgot -Wall -fPIC -march=r3000 -I./ -I../ -I../include/ -c syscall_all.c
syscall_all.c: In function 'sys_putchar':
syscall_all.c:14: warning: implicit declaration of function 'printcharc'
/OSLAB/compiler/usr/bin/mips_4KC-gcc -O -G 0 -mno-abicalls -fno-builtin -Wa,-xgot -Wall -fPIC -march=r3000 -I./ -I../ -I../include/ -c getc.S
make[1]: Leaving directory `/usr/src/workdir/lib'
make --directory=mm
make[1]: Entering directory `/usr/src/workdir/mm'
/OSLAB/compiler/usr/bin/mips_4KC-gcc -O -G 0 -mno-abicalls -fno-builtin -Wa,-xgot -Wall -fPIC -march=r3000 -I./ -I../ -I../include/ -c pmap.c
pmap.c: In function 'page_alloc':
pmap.c:252: warning: passing argument 1 of 'bzero' makes pointer from integer without a cast
pmap.c: In function 'pgdir_walk':
pmap.c:322: warning: assignment makes pointer from integer without a cast
/OSLAB/compiler/usr/bin/mips_4KC-gcc -O -G 0 -mno-abicalls -fno-builtin -Wa,-xgot -Wall -fPIC -march=r3000 -I./ -I../ -I../include/ -c tlb_asm.S
make[1]: Leaving directory `/usr/src/workdir/mm'
/OSLAB/compiler/usr/bin/mips_4KC-ld -o gxemul/vmlinux -N -T tools/scse0_3.lds boot/start.o init/*.o drivers/gxconsole/console.o lib/*.o mm/*.o

End build at Wed Apr 15 15:26:53 CST 2020
[35m[ PASSED:6 ][0m
[35m[ TOTAL:6 ][0m
[33m[01m[ underclass strong test end. ][0m
[33m[01m[ newmkenvid and output_env_info test begin. ][0m
Begin build at Wed Apr 15 15:27:03 CST 2020
Cleanning the project.................

for d in boot drivers init lib mm;	\
		do					\
			make --directory=$d clean; \
		done; \
	rm -rf *.o *~ gxemul/vmlinux
make[1]: Entering directory `/usr/src/workdir/boot'
rm -rf *~ *.o
make[1]: Leaving directory `/usr/src/workdir/boot'
make[1]: Entering directory `/usr/src/workdir/drivers'
for d in gxconsole; \
		do				\
			make --directory=$d clean; \
		done
make[2]: Entering directory `/usr/src/workdir/drivers/gxconsole'
rm -rf *.o *~
make[2]: Leaving directory `/usr/src/workdir/drivers/gxconsole'
make[1]: Leaving directory `/usr/src/workdir/drivers'
make[1]: Entering directory `/usr/src/workdir/init'
rm -rf *~ *.o
make[1]: Leaving directory `/usr/src/workdir/init'
make[1]: Entering directory `/usr/src/workdir/lib'
rm -rf *~ *.o
make[1]: Leaving directory `/usr/src/workdir/lib'
make[1]: Entering directory `/usr/src/workdir/mm'
rm -rf *~ *.o
make[1]: Leaving directory `/usr/src/workdir/mm'

Building the project..................

make --directory=boot
make[1]: Entering directory `/usr/src/workdir/boot'
/OSLAB/compiler/usr/bin/mips_4KC-gcc -O -G 0 -mno-abicalls -fno-builtin -Wa,-xgot -Wall -fPIC -march=r3000 -I../include/ -c start.S 
make[1]: Leaving directory `/usr/src/workdir/boot'
make --directory=drivers
make[1]: Entering directory `/usr/src/workdir/drivers'
make --directory=gxconsole
make[2]: Entering directory `/usr/src/workdir/drivers/gxconsole'
/OSLAB/compiler/usr/bin/mips_4KC-gcc -O -G 0 -mno-abicalls -fno-builtin -Wa,-xgot -Wall -fPIC -march=r3000   -c -o console.o console.c
make[2]: Leaving directory `/usr/src/workdir/drivers/gxconsole'
make[1]: Leaving directory `/usr/src/workdir/drivers'
make --directory=init
make[1]: Entering directory `/usr/src/workdir/init'
/OSLAB/compiler/usr/bin/mips_4KC-gcc -O -G 0 -mno-abicalls -fno-builtin -Wa,-xgot -Wall -fPIC -march=r3000 -I../include -c init.c
init.c: In function 'test':
init.c:10: warning: unused variable 'type'
init.c:82:2: warning: no newline at end of file
/OSLAB/compiler/usr/bin/mips_4KC-gcc -O -G 0 -mno-abicalls -fno-builtin -Wa,-xgot -Wall -fPIC -march=r3000 -I../include -c main.c
/OSLAB/compiler/usr/bin/mips_4KC-gcc -O -G 0 -mno-abicalls -fno-builtin -Wa,-xgot -Wall -fPIC -march=r3000 -I../include -c code_a.c
/OSLAB/compiler/usr/bin/mips_4KC-gcc -O -G 0 -mno-abicalls -fno-builtin -Wa,-xgot -Wall -fPIC -march=r3000 -I../include -c code_b.c
make[1]: Leaving directory `/usr/src/workdir/init'
make --directory=lib
make[1]: Entering directory `/usr/src/workdir/lib'
/OSLAB/compiler/usr/bin/mips_4KC-gcc -O -G 0 -mno-abicalls -fno-builtin -Wa,-xgot -Wall -fPIC -march=r3000 -I./ -I../ -I../include/ -c kernel_elfloader.c
/OSLAB/compiler/usr/bin/mips_4KC-gcc -O -G 0 -mno-abicalls -fno-builtin -Wa,-xgot -Wall -fPIC -march=r3000 -I./ -I../ -I../include/ -c env.c
env.c: In function 'env_setup_vm':
env.c:302: warning: unused variable 'i'
env.c: In function 'env_alloc':
env.c:363: warning: unused variable 'r'
env.c: In function 'load_icode_mapper':
env.c:432: warning: passing argument 2 of 'bcopy' makes pointer from integer without a cast
env.c:446: warning: passing argument 2 of 'bcopy' makes pointer from integer without a cast
env.c:460: warning: passing argument 1 of 'bzero' makes pointer from integer without a cast
env.c: In function 'load_icode':
env.c:490: warning: unused variable 'perm'
/OSLAB/compiler/usr/bin/mips_4KC-gcc -O -G 0 -mno-abicalls -fno-builtin -Wa,-xgot -Wall -fPIC -march=r3000 -I./ -I../ -I../include/ -c print.c
/OSLAB/compiler/usr/bin/mips_4KC-gcc -O -G 0 -mno-abicalls -fno-builtin -Wa,-xgot -Wall -fPIC -march=r3000 -I./ -I../ -I../include/ -c printf.c
/OSLAB/compiler/usr/bin/mips_4KC-gcc -O -G 0 -mno-abicalls -fno-builtin -Wa,-xgot -Wall -fPIC -march=r3000 -I./ -I../ -I../include/ -c sched.c
/OSLAB/compiler/usr/bin/mips_4KC-gcc -O -G 0 -mno-abicalls -fno-builtin -Wa,-xgot -Wall -fPIC -march=r3000 -I./ -I../ -I../include/ -c env_asm.S
env_asm.S: Assembler messages:
env_asm.S:62: Warning: Used $at without ".set noat"
/OSLAB/compiler/usr/bin/mips_4KC-gcc -O -G 0 -mno-abicalls -fno-builtin -Wa,-xgot -Wall -fPIC -march=r3000 -I./ -I../ -I../include/ -c kclock.c
/OSLAB/compiler/usr/bin/mips_4KC-gcc -O -G 0 -mno-abicalls -fno-builtin -Wa,-xgot -Wall -fPIC -march=r3000 -I./ -I../ -I../include/ -c traps.c
traps.c: In function 'page_fault_handler':
traps.c:58: warning: passing argument 2 of 'bcopy' makes pointer from integer without a cast
traps.c:66: warning: passing argument 2 of 'bcopy' makes pointer from integer without a cast
traps.c:47: warning: unused variable 'd'
traps.c:47: warning: unused variable 'tos'
traps.c:46: warning: unused variable 'va'
/OSLAB/compiler/usr/bin/mips_4KC-gcc -O -G 0 -mno-abicalls -fno-builtin -Wa,-xgot -Wall -fPIC -march=r3000 -I./ -I../ -I../include/ -c genex.S
/OSLAB/compiler/usr/bin/mips_4KC-gcc -O -G 0 -mno-abicalls -fno-builtin -Wa,-xgot -Wall -fPIC -march=r3000 -I./ -I../ -I../include/ -c kclock_asm.S
/OSLAB/compiler/usr/bin/mips_4KC-gcc -O -G 0 -mno-abicalls -fno-builtin -Wa,-xgot -Wall -fPIC -march=r3000 -I./ -I../ -I../include/ -c syscall.S
syscall.S: Assembler messages:
syscall.S:10: Warning: Used $at without ".set noat"
/OSLAB/compiler/usr/bin/mips_4KC-gcc -O -G 0 -mno-abicalls -fno-builtin -Wa,-xgot -Wall -fPIC -march=r3000 -I./ -I../ -I../include/ -c syscall_all.c
syscall_all.c: In function 'sys_putchar':
syscall_all.c:14: warning: implicit declaration of function 'printcharc'
/OSLAB/compiler/usr/bin/mips_4KC-gcc -O -G 0 -mno-abicalls -fno-builtin -Wa,-xgot -Wall -fPIC -march=r3000 -I./ -I../ -I../include/ -c getc.S
make[1]: Leaving directory `/usr/src/workdir/lib'
make --directory=mm
make[1]: Entering directory `/usr/src/workdir/mm'
/OSLAB/compiler/usr/bin/mips_4KC-gcc -O -G 0 -mno-abicalls -fno-builtin -Wa,-xgot -Wall -fPIC -march=r3000 -I./ -I../ -I../include/ -c pmap.c
pmap.c: In function 'page_alloc':
pmap.c:252: warning: passing argument 1 of 'bzero' makes pointer from integer without a cast
pmap.c: In function 'pgdir_walk':
pmap.c:322: warning: assignment makes pointer from integer without a cast
/OSLAB/compiler/usr/bin/mips_4KC-gcc -O -G 0 -mno-abicalls -fno-builtin -Wa,-xgot -Wall -fPIC -march=r3000 -I./ -I../ -I../include/ -c tlb_asm.S
make[1]: Leaving directory `/usr/src/workdir/mm'
/OSLAB/compiler/usr/bin/mips_4KC-ld -o gxemul/vmlinux -N -T tools/scse0_3.lds boot/start.o init/*.o drivers/gxconsole/console.o lib/*.o mm/*.o

End build at Wed Apr 15 15:27:05 CST 2020
[35m[ PASSED:10 ][0m
[35m[ TOTAL:10 ][0m
[33m[01m[ newmkenvid and output_env_info test end. ][0m
[33m[01m[ init_envid and newenvid2env test begin. ][0m
Begin build at Wed Apr 15 15:27:15 CST 2020
Cleanning the project.................

for d in boot drivers init lib mm;	\
		do					\
			make --directory=$d clean; \
		done; \
	rm -rf *.o *~ gxemul/vmlinux
make[1]: Entering directory `/usr/src/workdir/boot'
rm -rf *~ *.o
make[1]: Leaving directory `/usr/src/workdir/boot'
make[1]: Entering directory `/usr/src/workdir/drivers'
for d in gxconsole; \
		do				\
			make --directory=$d clean; \
		done
make[2]: Entering directory `/usr/src/workdir/drivers/gxconsole'
rm -rf *.o *~
make[2]: Leaving directory `/usr/src/workdir/drivers/gxconsole'
make[1]: Leaving directory `/usr/src/workdir/drivers'
make[1]: Entering directory `/usr/src/workdir/init'
rm -rf *~ *.o
make[1]: Leaving directory `/usr/src/workdir/init'
make[1]: Entering directory `/usr/src/workdir/lib'
rm -rf *~ *.o
make[1]: Leaving directory `/usr/src/workdir/lib'
make[1]: Entering directory `/usr/src/workdir/mm'
rm -rf *~ *.o
make[1]: Leaving directory `/usr/src/workdir/mm'

Building the project..................

make --directory=boot
make[1]: Entering directory `/usr/src/workdir/boot'
/OSLAB/compiler/usr/bin/mips_4KC-gcc -O -G 0 -mno-abicalls -fno-builtin -Wa,-xgot -Wall -fPIC -march=r3000 -I../include/ -c start.S 
make[1]: Leaving directory `/usr/src/workdir/boot'
make --directory=drivers
make[1]: Entering directory `/usr/src/workdir/drivers'
make --directory=gxconsole
make[2]: Entering directory `/usr/src/workdir/drivers/gxconsole'
/OSLAB/compiler/usr/bin/mips_4KC-gcc -O -G 0 -mno-abicalls -fno-builtin -Wa,-xgot -Wall -fPIC -march=r3000   -c -o console.o console.c
make[2]: Leaving directory `/usr/src/workdir/drivers/gxconsole'
make[1]: Leaving directory `/usr/src/workdir/drivers'
make --directory=init
make[1]: Entering directory `/usr/src/workdir/init'
/OSLAB/compiler/usr/bin/mips_4KC-gcc -O -G 0 -mno-abicalls -fno-builtin -Wa,-xgot -Wall -fPIC -march=r3000 -I../include -c init.c
init.c: In function 'test':
init.c:16: warning: unused variable 'envid'
init.c:11: warning: unused variable 'pri'
/OSLAB/compiler/usr/bin/mips_4KC-gcc -O -G 0 -mno-abicalls -fno-builtin -Wa,-xgot -Wall -fPIC -march=r3000 -I../include -c main.c
/OSLAB/compiler/usr/bin/mips_4KC-gcc -O -G 0 -mno-abicalls -fno-builtin -Wa,-xgot -Wall -fPIC -march=r3000 -I../include -c code_a.c
/OSLAB/compiler/usr/bin/mips_4KC-gcc -O -G 0 -mno-abicalls -fno-builtin -Wa,-xgot -Wall -fPIC -march=r3000 -I../include -c code_b.c
make[1]: Leaving directory `/usr/src/workdir/init'
make --directory=lib
make[1]: Entering directory `/usr/src/workdir/lib'
/OSLAB/compiler/usr/bin/mips_4KC-gcc -O -G 0 -mno-abicalls -fno-builtin -Wa,-xgot -Wall -fPIC -march=r3000 -I./ -I../ -I../include/ -c kernel_elfloader.c
/OSLAB/compiler/usr/bin/mips_4KC-gcc -O -G 0 -mno-abicalls -fno-builtin -Wa,-xgot -Wall -fPIC -march=r3000 -I./ -I../ -I../include/ -c env.c
env.c: In function 'env_setup_vm':
env.c:302: warning: unused variable 'i'
env.c: In function 'env_alloc':
env.c:363: warning: unused variable 'r'
env.c: In function 'load_icode_mapper':
env.c:432: warning: passing argument 2 of 'bcopy' makes pointer from integer without a cast
env.c:446: warning: passing argument 2 of 'bcopy' makes pointer from integer without a cast
env.c:460: warning: passing argument 1 of 'bzero' makes pointer from integer without a cast
env.c: In function 'load_icode':
env.c:490: warning: unused variable 'perm'
/OSLAB/compiler/usr/bin/mips_4KC-gcc -O -G 0 -mno-abicalls -fno-builtin -Wa,-xgot -Wall -fPIC -march=r3000 -I./ -I../ -I../include/ -c print.c
/OSLAB/compiler/usr/bin/mips_4KC-gcc -O -G 0 -mno-abicalls -fno-builtin -Wa,-xgot -Wall -fPIC -march=r3000 -I./ -I../ -I../include/ -c printf.c
/OSLAB/compiler/usr/bin/mips_4KC-gcc -O -G 0 -mno-abicalls -fno-builtin -Wa,-xgot -Wall -fPIC -march=r3000 -I./ -I../ -I../include/ -c sched.c
/OSLAB/compiler/usr/bin/mips_4KC-gcc -O -G 0 -mno-abicalls -fno-builtin -Wa,-xgot -Wall -fPIC -march=r3000 -I./ -I../ -I../include/ -c env_asm.S
env_asm.S: Assembler messages:
env_asm.S:62: Warning: Used $at without ".set noat"
/OSLAB/compiler/usr/bin/mips_4KC-gcc -O -G 0 -mno-abicalls -fno-builtin -Wa,-xgot -Wall -fPIC -march=r3000 -I./ -I../ -I../include/ -c kclock.c
/OSLAB/compiler/usr/bin/mips_4KC-gcc -O -G 0 -mno-abicalls -fno-builtin -Wa,-xgot -Wall -fPIC -march=r3000 -I./ -I../ -I../include/ -c traps.c
traps.c: In function 'page_fault_handler':
traps.c:58: warning: passing argument 2 of 'bcopy' makes pointer from integer without a cast
traps.c:66: warning: passing argument 2 of 'bcopy' makes pointer from integer without a cast
traps.c:47: warning: unused variable 'd'
traps.c:47: warning: unused variable 'tos'
traps.c:46: warning: unused variable 'va'
/OSLAB/compiler/usr/bin/mips_4KC-gcc -O -G 0 -mno-abicalls -fno-builtin -Wa,-xgot -Wall -fPIC -march=r3000 -I./ -I../ -I../include/ -c genex.S
/OSLAB/compiler/usr/bin/mips_4KC-gcc -O -G 0 -mno-abicalls -fno-builtin -Wa,-xgot -Wall -fPIC -march=r3000 -I./ -I../ -I../include/ -c kclock_asm.S
/OSLAB/compiler/usr/bin/mips_4KC-gcc -O -G 0 -mno-abicalls -fno-builtin -Wa,-xgot -Wall -fPIC -march=r3000 -I./ -I../ -I../include/ -c syscall.S
syscall.S: Assembler messages:
syscall.S:10: Warning: Used $at without ".set noat"
/OSLAB/compiler/usr/bin/mips_4KC-gcc -O -G 0 -mno-abicalls -fno-builtin -Wa,-xgot -Wall -fPIC -march=r3000 -I./ -I../ -I../include/ -c syscall_all.c
syscall_all.c: In function 'sys_putchar':
syscall_all.c:14: warning: implicit declaration of function 'printcharc'
/OSLAB/compiler/usr/bin/mips_4KC-gcc -O -G 0 -mno-abicalls -fno-builtin -Wa,-xgot -Wall -fPIC -march=r3000 -I./ -I../ -I../include/ -c getc.S
make[1]: Leaving directory `/usr/src/workdir/lib'
make --directory=mm
make[1]: Entering directory `/usr/src/workdir/mm'
/OSLAB/compiler/usr/bin/mips_4KC-gcc -O -G 0 -mno-abicalls -fno-builtin -Wa,-xgot -Wall -fPIC -march=r3000 -I./ -I../ -I../include/ -c pmap.c
pmap.c: In function 'page_alloc':
pmap.c:252: warning: passing argument 1 of 'bzero' makes pointer from integer without a cast
pmap.c: In function 'pgdir_walk':
pmap.c:322: warning: assignment makes pointer from integer without a cast
/OSLAB/compiler/usr/bin/mips_4KC-gcc -O -G 0 -mno-abicalls -fno-builtin -Wa,-xgot -Wall -fPIC -march=r3000 -I./ -I../ -I../include/ -c tlb_asm.S
make[1]: Leaving directory `/usr/src/workdir/mm'
/OSLAB/compiler/usr/bin/mips_4KC-ld -o gxemul/vmlinux -N -T tools/scse0_3.lds boot/start.o init/*.o drivers/gxconsole/console.o lib/*.o mm/*.o

End build at Wed Apr 15 15:27:17 CST 2020
[35m[ PASSED:8 ][0m
[35m[ TOTAL:8 ][0m
[33m[01m[ init_envid and newenvid2env test end. ][0m
[33m[01m[ check_same_root test begin ][0m
Begin build at Wed Apr 15 15:27:28 CST 2020
Cleanning the project.................

for d in boot drivers init lib mm;	\
		do					\
			make --directory=$d clean; \
		done; \
	rm -rf *.o *~ gxemul/vmlinux
make[1]: Entering directory `/usr/src/workdir/boot'
rm -rf *~ *.o
make[1]: Leaving directory `/usr/src/workdir/boot'
make[1]: Entering directory `/usr/src/workdir/drivers'
for d in gxconsole; \
		do				\
			make --directory=$d clean; \
		done
make[2]: Entering directory `/usr/src/workdir/drivers/gxconsole'
rm -rf *.o *~
make[2]: Leaving directory `/usr/src/workdir/drivers/gxconsole'
make[1]: Leaving directory `/usr/src/workdir/drivers'
make[1]: Entering directory `/usr/src/workdir/init'
rm -rf *~ *.o
make[1]: Leaving directory `/usr/src/workdir/init'
make[1]: Entering directory `/usr/src/workdir/lib'
rm -rf *~ *.o
make[1]: Leaving directory `/usr/src/workdir/lib'
make[1]: Entering directory `/usr/src/workdir/mm'
rm -rf *~ *.o
make[1]: Leaving directory `/usr/src/workdir/mm'

Building the project..................

make --directory=boot
make[1]: Entering directory `/usr/src/workdir/boot'
/OSLAB/compiler/usr/bin/mips_4KC-gcc -O -G 0 -mno-abicalls -fno-builtin -Wa,-xgot -Wall -fPIC -march=r3000 -I../include/ -c start.S 
make[1]: Leaving directory `/usr/src/workdir/boot'
make --directory=drivers
make[1]: Entering directory `/usr/src/workdir/drivers'
make --directory=gxconsole
make[2]: Entering directory `/usr/src/workdir/drivers/gxconsole'
/OSLAB/compiler/usr/bin/mips_4KC-gcc -O -G 0 -mno-abicalls -fno-builtin -Wa,-xgot -Wall -fPIC -march=r3000   -c -o console.o console.c
make[2]: Leaving directory `/usr/src/workdir/drivers/gxconsole'
make[1]: Leaving directory `/usr/src/workdir/drivers'
make --directory=init
make[1]: Entering directory `/usr/src/workdir/init'
/OSLAB/compiler/usr/bin/mips_4KC-gcc -O -G 0 -mno-abicalls -fno-builtin -Wa,-xgot -Wall -fPIC -march=r3000 -I../include -c init.c
init.c: In function 'mips_init':
init.c:40: warning: implicit declaration of function 'check_same_root'
/OSLAB/compiler/usr/bin/mips_4KC-gcc -O -G 0 -mno-abicalls -fno-builtin -Wa,-xgot -Wall -fPIC -march=r3000 -I../include -c main.c
/OSLAB/compiler/usr/bin/mips_4KC-gcc -O -G 0 -mno-abicalls -fno-builtin -Wa,-xgot -Wall -fPIC -march=r3000 -I../include -c code_a.c
/OSLAB/compiler/usr/bin/mips_4KC-gcc -O -G 0 -mno-abicalls -fno-builtin -Wa,-xgot -Wall -fPIC -march=r3000 -I../include -c code_b.c
make[1]: Leaving directory `/usr/src/workdir/init'
make --directory=lib
make[1]: Entering directory `/usr/src/workdir/lib'
/OSLAB/compiler/usr/bin/mips_4KC-gcc -O -G 0 -mno-abicalls -fno-builtin -Wa,-xgot -Wall -fPIC -march=r3000 -I./ -I../ -I../include/ -c kernel_elfloader.c
/OSLAB/compiler/usr/bin/mips_4KC-gcc -O -G 0 -mno-abicalls -fno-builtin -Wa,-xgot -Wall -fPIC -march=r3000 -I./ -I../ -I../include/ -c env.c
env.c: In function 'env_setup_vm':
env.c:302: warning: unused variable 'i'
env.c: In function 'env_alloc':
env.c:363: warning: unused variable 'r'
env.c: In function 'load_icode_mapper':
env.c:432: warning: passing argument 2 of 'bcopy' makes pointer from integer without a cast
env.c:446: warning: passing argument 2 of 'bcopy' makes pointer from integer without a cast
env.c:460: warning: passing argument 1 of 'bzero' makes pointer from integer without a cast
env.c: In function 'load_icode':
env.c:490: warning: unused variable 'perm'
/OSLAB/compiler/usr/bin/mips_4KC-gcc -O -G 0 -mno-abicalls -fno-builtin -Wa,-xgot -Wall -fPIC -march=r3000 -I./ -I../ -I../include/ -c print.c
/OSLAB/compiler/usr/bin/mips_4KC-gcc -O -G 0 -mno-abicalls -fno-builtin -Wa,-xgot -Wall -fPIC -march=r3000 -I./ -I../ -I../include/ -c printf.c
/OSLAB/compiler/usr/bin/mips_4KC-gcc -O -G 0 -mno-abicalls -fno-builtin -Wa,-xgot -Wall -fPIC -march=r3000 -I./ -I../ -I../include/ -c sched.c
/OSLAB/compiler/usr/bin/mips_4KC-gcc -O -G 0 -mno-abicalls -fno-builtin -Wa,-xgot -Wall -fPIC -march=r3000 -I./ -I../ -I../include/ -c env_asm.S
env_asm.S: Assembler messages:
env_asm.S:62: Warning: Used $at without ".set noat"
/OSLAB/compiler/usr/bin/mips_4KC-gcc -O -G 0 -mno-abicalls -fno-builtin -Wa,-xgot -Wall -fPIC -march=r3000 -I./ -I../ -I../include/ -c kclock.c
/OSLAB/compiler/usr/bin/mips_4KC-gcc -O -G 0 -mno-abicalls -fno-builtin -Wa,-xgot -Wall -fPIC -march=r3000 -I./ -I../ -I../include/ -c traps.c
traps.c: In function 'page_fault_handler':
traps.c:58: warning: passing argument 2 of 'bcopy' makes pointer from integer without a cast
traps.c:66: warning: passing argument 2 of 'bcopy' makes pointer from integer without a cast
traps.c:47: warning: unused variable 'd'
traps.c:47: warning: unused variable 'tos'
traps.c:46: warning: unused variable 'va'
/OSLAB/compiler/usr/bin/mips_4KC-gcc -O -G 0 -mno-abicalls -fno-builtin -Wa,-xgot -Wall -fPIC -march=r3000 -I./ -I../ -I../include/ -c genex.S
/OSLAB/compiler/usr/bin/mips_4KC-gcc -O -G 0 -mno-abicalls -fno-builtin -Wa,-xgot -Wall -fPIC -march=r3000 -I./ -I../ -I../include/ -c kclock_asm.S
/OSLAB/compiler/usr/bin/mips_4KC-gcc -O -G 0 -mno-abicalls -fno-builtin -Wa,-xgot -Wall -fPIC -march=r3000 -I./ -I../ -I../include/ -c syscall.S
syscall.S: Assembler messages:
syscall.S:10: Warning: Used $at without ".set noat"
/OSLAB/compiler/usr/bin/mips_4KC-gcc -O -G 0 -mno-abicalls -fno-builtin -Wa,-xgot -Wall -fPIC -march=r3000 -I./ -I../ -I../include/ -c syscall_all.c
syscall_all.c: In function 'sys_putchar':
syscall_all.c:14: warning: implicit declaration of function 'printcharc'
/OSLAB/compiler/usr/bin/mips_4KC-gcc -O -G 0 -mno-abicalls -fno-builtin -Wa,-xgot -Wall -fPIC -march=r3000 -I./ -I../ -I../include/ -c getc.S
make[1]: Leaving directory `/usr/src/workdir/lib'
make --directory=mm
make[1]: Entering directory `/usr/src/workdir/mm'
/OSLAB/compiler/usr/bin/mips_4KC-gcc -O -G 0 -mno-abicalls -fno-builtin -Wa,-xgot -Wall -fPIC -march=r3000 -I./ -I../ -I../include/ -c pmap.c
pmap.c: In function 'page_alloc':
pmap.c:252: warning: passing argument 1 of 'bzero' makes pointer from integer without a cast
pmap.c: In function 'pgdir_walk':
pmap.c:322: warning: assignment makes pointer from integer without a cast
/OSLAB/compiler/usr/bin/mips_4KC-gcc -O -G 0 -mno-abicalls -fno-builtin -Wa,-xgot -Wall -fPIC -march=r3000 -I./ -I../ -I../include/ -c tlb_asm.S
make[1]: Leaving directory `/usr/src/workdir/mm'
/OSLAB/compiler/usr/bin/mips_4KC-ld -o gxemul/vmlinux -N -T tools/scse0_3.lds boot/start.o init/*.o drivers/gxconsole/console.o lib/*.o mm/*.o

End build at Wed Apr 15 15:27:29 CST 2020
[35m[ PASSED:16 ][0m
[35m[ TOTAL:16 ][0m
[33m[01m[ check_same_root test end ][0m
[33m[01m[ kill_all test case 1 begin. ][0m
Begin build at Wed Apr 15 15:27:40 CST 2020
Cleanning the project.................

for d in boot drivers init lib mm;	\
		do					\
			make --directory=$d clean; \
		done; \
	rm -rf *.o *~ gxemul/vmlinux
make[1]: Entering directory `/usr/src/workdir/boot'
rm -rf *~ *.o
make[1]: Leaving directory `/usr/src/workdir/boot'
make[1]: Entering directory `/usr/src/workdir/drivers'
for d in gxconsole; \
		do				\
			make --directory=$d clean; \
		done
make[2]: Entering directory `/usr/src/workdir/drivers/gxconsole'
rm -rf *.o *~
make[2]: Leaving directory `/usr/src/workdir/drivers/gxconsole'
make[1]: Leaving directory `/usr/src/workdir/drivers'
make[1]: Entering directory `/usr/src/workdir/init'
rm -rf *~ *.o
make[1]: Leaving directory `/usr/src/workdir/init'
make[1]: Entering directory `/usr/src/workdir/lib'
rm -rf *~ *.o
make[1]: Leaving directory `/usr/src/workdir/lib'
make[1]: Entering directory `/usr/src/workdir/mm'
rm -rf *~ *.o
make[1]: Leaving directory `/usr/src/workdir/mm'

Building the project..................

make --directory=boot
make[1]: Entering directory `/usr/src/workdir/boot'
/OSLAB/compiler/usr/bin/mips_4KC-gcc -O -G 0 -mno-abicalls -fno-builtin -Wa,-xgot -Wall -fPIC -march=r3000 -I../include/ -c start.S 
make[1]: Leaving directory `/usr/src/workdir/boot'
make --directory=drivers
make[1]: Entering directory `/usr/src/workdir/drivers'
make --directory=gxconsole
make[2]: Entering directory `/usr/src/workdir/drivers/gxconsole'
/OSLAB/compiler/usr/bin/mips_4KC-gcc -O -G 0 -mno-abicalls -fno-builtin -Wa,-xgot -Wall -fPIC -march=r3000   -c -o console.o console.c
make[2]: Leaving directory `/usr/src/workdir/drivers/gxconsole'
make[1]: Leaving directory `/usr/src/workdir/drivers'
make --directory=init
make[1]: Entering directory `/usr/src/workdir/init'
/OSLAB/compiler/usr/bin/mips_4KC-gcc -O -G 0 -mno-abicalls -fno-builtin -Wa,-xgot -Wall -fPIC -march=r3000 -I../include -c init.c
init.c: In function 'mips_init':
init.c:36: warning: implicit declaration of function 'kill_all'
/OSLAB/compiler/usr/bin/mips_4KC-gcc -O -G 0 -mno-abicalls -fno-builtin -Wa,-xgot -Wall -fPIC -march=r3000 -I../include -c main.c
/OSLAB/compiler/usr/bin/mips_4KC-gcc -O -G 0 -mno-abicalls -fno-builtin -Wa,-xgot -Wall -fPIC -march=r3000 -I../include -c code_a.c
/OSLAB/compiler/usr/bin/mips_4KC-gcc -O -G 0 -mno-abicalls -fno-builtin -Wa,-xgot -Wall -fPIC -march=r3000 -I../include -c code_b.c
make[1]: Leaving directory `/usr/src/workdir/init'
make --directory=lib
make[1]: Entering directory `/usr/src/workdir/lib'
/OSLAB/compiler/usr/bin/mips_4KC-gcc -O -G 0 -mno-abicalls -fno-builtin -Wa,-xgot -Wall -fPIC -march=r3000 -I./ -I../ -I../include/ -c kernel_elfloader.c
/OSLAB/compiler/usr/bin/mips_4KC-gcc -O -G 0 -mno-abicalls -fno-builtin -Wa,-xgot -Wall -fPIC -march=r3000 -I./ -I../ -I../include/ -c env.c
env.c: In function 'env_setup_vm':
env.c:302: warning: unused variable 'i'
env.c: In function 'env_alloc':
env.c:363: warning: unused variable 'r'
env.c: In function 'load_icode_mapper':
env.c:432: warning: passing argument 2 of 'bcopy' makes pointer from integer without a cast
env.c:446: warning: passing argument 2 of 'bcopy' makes pointer from integer without a cast
env.c:460: warning: passing argument 1 of 'bzero' makes pointer from integer without a cast
env.c: In function 'load_icode':
env.c:490: warning: unused variable 'perm'
/OSLAB/compiler/usr/bin/mips_4KC-gcc -O -G 0 -mno-abicalls -fno-builtin -Wa,-xgot -Wall -fPIC -march=r3000 -I./ -I../ -I../include/ -c print.c
/OSLAB/compiler/usr/bin/mips_4KC-gcc -O -G 0 -mno-abicalls -fno-builtin -Wa,-xgot -Wall -fPIC -march=r3000 -I./ -I../ -I../include/ -c printf.c
/OSLAB/compiler/usr/bin/mips_4KC-gcc -O -G 0 -mno-abicalls -fno-builtin -Wa,-xgot -Wall -fPIC -march=r3000 -I./ -I../ -I../include/ -c sched.c
/OSLAB/compiler/usr/bin/mips_4KC-gcc -O -G 0 -mno-abicalls -fno-builtin -Wa,-xgot -Wall -fPIC -march=r3000 -I./ -I../ -I../include/ -c env_asm.S
env_asm.S: Assembler messages:
env_asm.S:62: Warning: Used $at without ".set noat"
/OSLAB/compiler/usr/bin/mips_4KC-gcc -O -G 0 -mno-abicalls -fno-builtin -Wa,-xgot -Wall -fPIC -march=r3000 -I./ -I../ -I../include/ -c kclock.c
/OSLAB/compiler/usr/bin/mips_4KC-gcc -O -G 0 -mno-abicalls -fno-builtin -Wa,-xgot -Wall -fPIC -march=r3000 -I./ -I../ -I../include/ -c traps.c
traps.c: In function 'page_fault_handler':
traps.c:58: warning: passing argument 2 of 'bcopy' makes pointer from integer without a cast
traps.c:66: warning: passing argument 2 of 'bcopy' makes pointer from integer without a cast
traps.c:47: warning: unused variable 'd'
traps.c:47: warning: unused variable 'tos'
traps.c:46: warning: unused variable 'va'
/OSLAB/compiler/usr/bin/mips_4KC-gcc -O -G 0 -mno-abicalls -fno-builtin -Wa,-xgot -Wall -fPIC -march=r3000 -I./ -I../ -I../include/ -c genex.S
/OSLAB/compiler/usr/bin/mips_4KC-gcc -O -G 0 -mno-abicalls -fno-builtin -Wa,-xgot -Wall -fPIC -march=r3000 -I./ -I../ -I../include/ -c kclock_asm.S
/OSLAB/compiler/usr/bin/mips_4KC-gcc -O -G 0 -mno-abicalls -fno-builtin -Wa,-xgot -Wall -fPIC -march=r3000 -I./ -I../ -I../include/ -c syscall.S
syscall.S: Assembler messages:
syscall.S:10: Warning: Used $at without ".set noat"
/OSLAB/compiler/usr/bin/mips_4KC-gcc -O -G 0 -mno-abicalls -fno-builtin -Wa,-xgot -Wall -fPIC -march=r3000 -I./ -I../ -I../include/ -c syscall_all.c
syscall_all.c: In function 'sys_putchar':
syscall_all.c:14: warning: implicit declaration of function 'printcharc'
/OSLAB/compiler/usr/bin/mips_4KC-gcc -O -G 0 -mno-abicalls -fno-builtin -Wa,-xgot -Wall -fPIC -march=r3000 -I./ -I../ -I../include/ -c getc.S
make[1]: Leaving directory `/usr/src/workdir/lib'
make --directory=mm
make[1]: Entering directory `/usr/src/workdir/mm'
/OSLAB/compiler/usr/bin/mips_4KC-gcc -O -G 0 -mno-abicalls -fno-builtin -Wa,-xgot -Wall -fPIC -march=r3000 -I./ -I../ -I../include/ -c pmap.c
pmap.c: In function 'page_alloc':
pmap.c:252: warning: passing argument 1 of 'bzero' makes pointer from integer without a cast
pmap.c: In function 'pgdir_walk':
pmap.c:322: warning: assignment makes pointer from integer without a cast
/OSLAB/compiler/usr/bin/mips_4KC-gcc -O -G 0 -mno-abicalls -fno-builtin -Wa,-xgot -Wall -fPIC -march=r3000 -I./ -I../ -I../include/ -c tlb_asm.S
make[1]: Leaving directory `/usr/src/workdir/mm'
/OSLAB/compiler/usr/bin/mips_4KC-ld -o gxemul/vmlinux -N -T tools/scse0_3.lds boot/start.o init/*.o drivers/gxconsole/console.o lib/*.o mm/*.o

End build at Wed Apr 15 15:27:42 CST 2020
[35m[ PASSED:20 ][0m
[35m[ TOTAL:20 ][0m
[33m[01m[ kill_all test case 1 end. ][0m
[33m[01m[ kill_all test case 2 begin. ][0m
Begin build at Wed Apr 15 15:27:52 CST 2020
Cleanning the project.................

for d in boot drivers init lib mm;	\
		do					\
			make --directory=$d clean; \
		done; \
	rm -rf *.o *~ gxemul/vmlinux
make[1]: Entering directory `/usr/src/workdir/boot'
rm -rf *~ *.o
make[1]: Leaving directory `/usr/src/workdir/boot'
make[1]: Entering directory `/usr/src/workdir/drivers'
for d in gxconsole; \
		do				\
			make --directory=$d clean; \
		done
make[2]: Entering directory `/usr/src/workdir/drivers/gxconsole'
rm -rf *.o *~
make[2]: Leaving directory `/usr/src/workdir/drivers/gxconsole'
make[1]: Leaving directory `/usr/src/workdir/drivers'
make[1]: Entering directory `/usr/src/workdir/init'
rm -rf *~ *.o
make[1]: Leaving directory `/usr/src/workdir/init'
make[1]: Entering directory `/usr/src/workdir/lib'
rm -rf *~ *.o
make[1]: Leaving directory `/usr/src/workdir/lib'
make[1]: Entering directory `/usr/src/workdir/mm'
rm -rf *~ *.o
make[1]: Leaving directory `/usr/src/workdir/mm'

Building the project..................

make --directory=boot
make[1]: Entering directory `/usr/src/workdir/boot'
/OSLAB/compiler/usr/bin/mips_4KC-gcc -O -G 0 -mno-abicalls -fno-builtin -Wa,-xgot -Wall -fPIC -march=r3000 -I../include/ -c start.S 
make[1]: Leaving directory `/usr/src/workdir/boot'
make --directory=drivers
make[1]: Entering directory `/usr/src/workdir/drivers'
make --directory=gxconsole
make[2]: Entering directory `/usr/src/workdir/drivers/gxconsole'
/OSLAB/compiler/usr/bin/mips_4KC-gcc -O -G 0 -mno-abicalls -fno-builtin -Wa,-xgot -Wall -fPIC -march=r3000   -c -o console.o console.c
make[2]: Leaving directory `/usr/src/workdir/drivers/gxconsole'
make[1]: Leaving directory `/usr/src/workdir/drivers'
make --directory=init
make[1]: Entering directory `/usr/src/workdir/init'
/OSLAB/compiler/usr/bin/mips_4KC-gcc -O -G 0 -mno-abicalls -fno-builtin -Wa,-xgot -Wall -fPIC -march=r3000 -I../include -c init.c
init.c: In function 'mips_init':
init.c:39: warning: implicit declaration of function 'kill_all'
/OSLAB/compiler/usr/bin/mips_4KC-gcc -O -G 0 -mno-abicalls -fno-builtin -Wa,-xgot -Wall -fPIC -march=r3000 -I../include -c main.c
/OSLAB/compiler/usr/bin/mips_4KC-gcc -O -G 0 -mno-abicalls -fno-builtin -Wa,-xgot -Wall -fPIC -march=r3000 -I../include -c code_a.c
/OSLAB/compiler/usr/bin/mips_4KC-gcc -O -G 0 -mno-abicalls -fno-builtin -Wa,-xgot -Wall -fPIC -march=r3000 -I../include -c code_b.c
make[1]: Leaving directory `/usr/src/workdir/init'
make --directory=lib
make[1]: Entering directory `/usr/src/workdir/lib'
/OSLAB/compiler/usr/bin/mips_4KC-gcc -O -G 0 -mno-abicalls -fno-builtin -Wa,-xgot -Wall -fPIC -march=r3000 -I./ -I../ -I../include/ -c kernel_elfloader.c
/OSLAB/compiler/usr/bin/mips_4KC-gcc -O -G 0 -mno-abicalls -fno-builtin -Wa,-xgot -Wall -fPIC -march=r3000 -I./ -I../ -I../include/ -c env.c
env.c: In function 'env_setup_vm':
env.c:302: warning: unused variable 'i'
env.c: In function 'env_alloc':
env.c:363: warning: unused variable 'r'
env.c: In function 'load_icode_mapper':
env.c:432: warning: passing argument 2 of 'bcopy' makes pointer from integer without a cast
env.c:446: warning: passing argument 2 of 'bcopy' makes pointer from integer without a cast
env.c:460: warning: passing argument 1 of 'bzero' makes pointer from integer without a cast
env.c: In function 'load_icode':
env.c:490: warning: unused variable 'perm'
/OSLAB/compiler/usr/bin/mips_4KC-gcc -O -G 0 -mno-abicalls -fno-builtin -Wa,-xgot -Wall -fPIC -march=r3000 -I./ -I../ -I../include/ -c print.c
/OSLAB/compiler/usr/bin/mips_4KC-gcc -O -G 0 -mno-abicalls -fno-builtin -Wa,-xgot -Wall -fPIC -march=r3000 -I./ -I../ -I../include/ -c printf.c
/OSLAB/compiler/usr/bin/mips_4KC-gcc -O -G 0 -mno-abicalls -fno-builtin -Wa,-xgot -Wall -fPIC -march=r3000 -I./ -I../ -I../include/ -c sched.c
/OSLAB/compiler/usr/bin/mips_4KC-gcc -O -G 0 -mno-abicalls -fno-builtin -Wa,-xgot -Wall -fPIC -march=r3000 -I./ -I../ -I../include/ -c env_asm.S
env_asm.S: Assembler messages:
env_asm.S:62: Warning: Used $at without ".set noat"
/OSLAB/compiler/usr/bin/mips_4KC-gcc -O -G 0 -mno-abicalls -fno-builtin -Wa,-xgot -Wall -fPIC -march=r3000 -I./ -I../ -I../include/ -c kclock.c
/OSLAB/compiler/usr/bin/mips_4KC-gcc -O -G 0 -mno-abicalls -fno-builtin -Wa,-xgot -Wall -fPIC -march=r3000 -I./ -I../ -I../include/ -c traps.c
traps.c: In function 'page_fault_handler':
traps.c:58: warning: passing argument 2 of 'bcopy' makes pointer from integer without a cast
traps.c:66: warning: passing argument 2 of 'bcopy' makes pointer from integer without a cast
traps.c:47: warning: unused variable 'd'
traps.c:47: warning: unused variable 'tos'
traps.c:46: warning: unused variable 'va'
/OSLAB/compiler/usr/bin/mips_4KC-gcc -O -G 0 -mno-abicalls -fno-builtin -Wa,-xgot -Wall -fPIC -march=r3000 -I./ -I../ -I../include/ -c genex.S
/OSLAB/compiler/usr/bin/mips_4KC-gcc -O -G 0 -mno-abicalls -fno-builtin -Wa,-xgot -Wall -fPIC -march=r3000 -I./ -I../ -I../include/ -c kclock_asm.S
/OSLAB/compiler/usr/bin/mips_4KC-gcc -O -G 0 -mno-abicalls -fno-builtin -Wa,-xgot -Wall -fPIC -march=r3000 -I./ -I../ -I../include/ -c syscall.S
syscall.S: Assembler messages:
syscall.S:10: Warning: Used $at without ".set noat"
/OSLAB/compiler/usr/bin/mips_4KC-gcc -O -G 0 -mno-abicalls -fno-builtin -Wa,-xgot -Wall -fPIC -march=r3000 -I./ -I../ -I../include/ -c syscall_all.c
syscall_all.c: In function 'sys_putchar':
syscall_all.c:14: warning: implicit declaration of function 'printcharc'
/OSLAB/compiler/usr/bin/mips_4KC-gcc -O -G 0 -mno-abicalls -fno-builtin -Wa,-xgot -Wall -fPIC -march=r3000 -I./ -I../ -I../include/ -c getc.S
make[1]: Leaving directory `/usr/src/workdir/lib'
make --directory=mm
make[1]: Entering directory `/usr/src/workdir/mm'
/OSLAB/compiler/usr/bin/mips_4KC-gcc -O -G 0 -mno-abicalls -fno-builtin -Wa,-xgot -Wall -fPIC -march=r3000 -I./ -I../ -I../include/ -c pmap.c
pmap.c: In function 'page_alloc':
pmap.c:252: warning: passing argument 1 of 'bzero' makes pointer from integer without a cast
pmap.c: In function 'pgdir_walk':
pmap.c:322: warning: assignment makes pointer from integer without a cast
/OSLAB/compiler/usr/bin/mips_4KC-gcc -O -G 0 -mno-abicalls -fno-builtin -Wa,-xgot -Wall -fPIC -march=r3000 -I./ -I../ -I../include/ -c tlb_asm.S
make[1]: Leaving directory `/usr/src/workdir/mm'
/OSLAB/compiler/usr/bin/mips_4KC-ld -o gxemul/vmlinux -N -T tools/scse0_3.lds boot/start.o init/*.o drivers/gxconsole/console.o lib/*.o mm/*.o

End build at Wed Apr 15 15:27:54 CST 2020
[35m[ PASSED:11 ][0m
[35m[ TOTAL:11 ][0m
[33m[01m[ kill_all test case 2 end. ][0m
[33m[01m[ You got 100 (of 100) this time. Wed Apr 15 15:28:04 CST 2020 ][0m
